xrun(64): 25.03-s003: (c) Copyright 1995-2025 Cadence Design Systems, Inc.
TOOL:	xrun(64)	25.03-s003: Started on Nov 24, 2025 at 23:25:43 EST
xrun
	-sv
	-f filelist.txt
		hdl/rtl/Components/ripple_adder_4bit.sv
		hdl/tb/simple/tb_ripple_adder_4bit.sv
		hdl/rtl/Components/adder.sv
	hdl/tb/simple/tb_ripple_adder_4bit.sv
file: hdl/rtl/Components/ripple_adder_4bit.sv
	module worklib.ripple_adder_4bit:sv
		errors: 0, warnings: 0
file: hdl/tb/simple/tb_ripple_adder_4bit.sv
         adder_trans.randomize();
                             |
xmvlog: *W,FUNTSK (hdl/tb/simple/tb_ripple_adder_4bit.sv,44|29): function called as a task without void'().
      .f(adder_trans.s),
                     |
xmvlog: *E,NOTCLM (hdl/tb/simple/tb_ripple_adder_4bit.sv,34|21): s is not a class item.
         adder_trans.display();
                           |
xmvlog: *W,FUNTSK (hdl/tb/simple/tb_ripple_adder_4bit.sv,45|27): function called as a task without void'().
	module worklib.tb_ripple_adder_4bit:sv
		errors: 1, warnings: 2
file: hdl/rtl/Components/adder.sv
	module worklib.adder:sv
		errors: 0, warnings: 0
file: hdl/tb/simple/tb_ripple_adder_4bit.sv
class adder_transcation;
                      |
xmvlog: *E,DUPIDN (hdl/tb/simple/tb_ripple_adder_4bit.sv,1|22): identifier 'adder_transcation' previously declared in file hdl/tb/simple/tb_ripple_adder_4bit.sv at line 1 [12.5(IEEE)].
class scoreboard;
               |
xmvlog: *E,DUPIDN (hdl/tb/simple/tb_ripple_adder_4bit.sv,16|15): identifier 'scoreboard' previously declared in file hdl/tb/simple/tb_ripple_adder_4bit.sv at line 16 [12.5(IEEE)].
         adder_trans.randomize();
                             |
xmvlog: *W,FUNTSK (hdl/tb/simple/tb_ripple_adder_4bit.sv,44|29): function called as a task without void'().
   adder_transcation adder_trans;
                               |
xmvlog: *E,NOIPRT (hdl/tb/simple/tb_ripple_adder_4bit.sv,28|31): Unrecognized declaration 'adder_trans' of unknown type, which could be because of an unsupported keyword, a spelling mistake, non-visible type, or missing instance port list '()' [SystemVerilog].
	module worklib.tb_ripple_adder_4bit:sv
		errors: 1, warnings: 1
	Total errors/warnings found outside modules and primitives:
		errors: 2, warnings: 0
xrun: *E,VLGERR: An error occurred during parsing.  Review the log file for errors with the code *E and fix those identified problems to proceed.  Exiting with code (status 1).
TOOL:	xrun(64)	25.03-s003: Exiting on Nov 24, 2025 at 23:25:44 EST  (total: 00:00:01)
